<?xml version="1.0" encoding="UTF-8"?>
<!-- Generated by org.testng.reporters.JUnitReportReporter -->
<testsuite skipped="0" hostname="DESKTOP-GK61F68" name="com.petStoreApi.requests.GetStatusofPetTest" tests="1" failures="0" timestamp="2021-02-09T09:54:33 IST" time="5.735" errors="0">
  <testcase name="getStatusofPetTest" time="5.735" classname="com.petStoreApi.requests.GetStatusofPetTest"/>
  <system-out/>
</testsuite> <!-- com.petStoreApi.requests.GetStatusofPetTest -->
