<?xml version="1.0" encoding="UTF-8"?>
<!-- Generated by org.testng.reporters.JUnitReportReporter -->
<testsuite skipped="0" hostname="DESKTOP-GK61F68" name="com.petStoreApi.requests.DeletePetTest" tests="1" failures="0" timestamp="2021-02-09T22:33:04 IST" time="9.350" errors="0">
  <testcase name="deletePetTest" time="9.350" classname="com.petStoreApi.requests.DeletePetTest"/>
  <system-out/>
</testsuite> <!-- com.petStoreApi.requests.DeletePetTest -->
