<?xml version="1.0" encoding="UTF-8"?>
<!-- Generated by org.testng.reporters.JUnitReportReporter -->
<testsuite skipped="0" hostname="DESKTOP-GK61F68" name="com.petStoreApi.requests.GetPetById" tests="1" failures="0" timestamp="2021-02-08T22:01:36 IST" time="6.911" errors="0">
  <testcase name="getPetIdTest" time="6.911" classname="com.petStoreApi.requests.GetPetById"/>
  <system-out/>
</testsuite> <!-- com.petStoreApi.requests.GetPetById -->
