<?xml version="1.0" encoding="UTF-8"?>
<!-- Generated by org.testng.reporters.JUnitReportReporter -->
<testsuite skipped="0" hostname="DESKTOP-GK61F68" name="com.petstore.storeequests.OrderPetTest" tests="1" failures="0" timestamp="2021-02-10T11:06:25 IST" time="8.836" errors="0">
  <testcase name="orderPetTest" time="8.836" classname="com.petstore.storeequests.OrderPetTest"/>
  <system-out/>
</testsuite> <!-- com.petstore.storeequests.OrderPetTest -->
