<?xml version="1.0" encoding="UTF-8"?>
<!-- Generated by org.testng.reporters.JUnitReportReporter -->
<testsuite skipped="0" hostname="DESKTOP-GK61F68" name="com.petStoreApi.requests.AddPetImage" tests="1" failures="0" timestamp="2021-02-09T10:14:16 IST" time="6.461" errors="0">
  <testcase name="addPetImageTest" time="6.461" classname="com.petStoreApi.requests.AddPetImage"/>
  <system-out/>
</testsuite> <!-- com.petStoreApi.requests.AddPetImage -->
