<?xml version="1.0" encoding="UTF-8"?>
<!-- Generated by org.testng.reporters.JUnitReportReporter -->
<testsuite skipped="0" hostname="DESKTOP-GK61F68" name="com.petStoreApi.requests.AddPetTest" tests="1" failures="0" timestamp="2021-02-09T09:50:24 IST" time="6.467" errors="0">
  <testcase name="addPetTest" time="6.467" classname="com.petStoreApi.requests.AddPetTest"/>
  <system-out/>
</testsuite> <!-- com.petStoreApi.requests.AddPetTest -->
